<?xml version="1.0" encoding="utf-8"?><testsuites name="pytest tests"><testsuite name="pytest" errors="0" failures="1" skipped="0" tests="29" time="5.024" timestamp="2026-09-01T06:31:23.700689+00:00" hostname="agent-env-bd786359-2ecf-4207-b054-3ce8b90315b6"><testcase classname="tests.backend_test.TestPublic" name="test_root" time="0.290" /><testcase classname="tests.backend_test.TestPublic" name="test_services" time="0.237" /><testcase classname="tests.backend_test.TestPublic" name="test_addons" time="0.070" /><testcase classname="tests.backend_test.TestAdmin" name="test_admin_stats" time="0.607" /><testcase classname="tests.backend_test.TestPublic" name="test_hairstyles" time="0.067" /><testcase classname="tests.backend_test.TestAdmin" name="test_admin_stats_forbidden" time="0.189" /><testcase classname="tests.backend_test.TestPublic" name="test_gallery" time="0.071" /><testcase classname="tests.backend_test.TestPublic" name="test_settings" time="0.111" /><testcase classname="tests.backend_test.TestPublic" name="test_blackouts_list" time="0.287" /><testcase classname="tests.backend_test.TestAdmin" name="test_admin_stats_customer_forbidden" time="0.412" /><testcase classname="tests.backend_test.TestAdmin" name="test_admin_bookings" time="0.084" /><testcase classname="tests.backend_test.TestAdmin" name="test_service_crud" time="0.592" /><testcase classname="tests.backend_test.TestAuth" name="test_login_admin" time="0.450" /><testcase classname="tests.backend_test.TestAuth" name="test_login_invalid" time="0.292" /><testcase classname="tests.backend_test.TestAuth" name="test_me_no_auth" time="0.171" /><testcase classname="tests.backend_test.TestAdmin" name="test_blackout_flow" time="0.319" /><testcase classname="tests.backend_test.TestAdmin" name="test_settings_toggle_autoconfirm" time="0.792" /><testcase classname="tests.backend_test.TestAuth" name="test_register_and_me" time="0.486"><failure message="AssertionError: assert 'test_cust_c2...8@example.com' == 'TEST_cust_c2...8@example.com'&#10;  &#10;  - TEST_cust_c251a8a8@example.com&#10;  ? ^^^^&#10;  + test_cust_c251a8a8@example.com&#10;  ? ^^^^">backend/tests/backend_test.py:112: in test_register_and_me
    assert r.json()["email"] == email
E   AssertionError: assert 'test_cust_c2...8@example.com' == 'TEST_cust_c2...8@example.com'
E     
E     - TEST_cust_c251a8a8@example.com
E     ? ^^^^
E     + test_cust_c251a8a8@example.com
E     ? ^^^^</failure></testcase><testcase classname="tests.backend_test.TestAuth" name="test_duplicate_register" time="0.074" /><testcase classname="tests.backend_test.TestAuth" name="test_logout" time="0.497" /><testcase classname="tests.backend_test.TestAdmin" name="test_admin_manual_booking_and_status" time="0.299" /><testcase classname="tests.backend_test.TestAvailability" name="test_slots_valid" time="0.137" /><testcase classname="tests.backend_test.TestAvailability" name="test_sunday_closed" time="0.137" /><testcase classname="tests.backend_test.TestAdmin" name="test_addon_crud" time="0.231" /><testcase classname="tests.backend_test.TestAvailability" name="test_bad_service" time="0.066" /><testcase classname="tests.backend_test.TestBooking" name="test_guest_booking_and_conflict" time="0.457" /><testcase classname="tests.backend_test.TestAdmin" name="test_hairstyle_crud" time="0.263" /><testcase classname="tests.backend_test.TestAdmin" name="test_gallery_crud" time="0.153" /><testcase classname="tests.backend_test.TestBooking" name="test_customer_booking_appears_in_me" time="0.553" /></testsuite></testsuites>